{"name": "test_login_002", "status": "failed", "statusDetails": {"message": "AssertionError: assert False", "trace": "self = <testCases.test_Login.Test_Login object at 0x000001A94D03AF10>\nsetup = <selenium.webdriver.chrome.webdriver.WebDriver (session=\"86e4fff86b85bd11f42b08968bbd7cba\")>\n\n    def test_login_002(self, setup):\n        self.driver = setup\n        self.lp = OrangeHRM_Login(self.driver)\n        self.lp.Enter_Username(\"Admin\")\n        self.lp.Enter_Password(\"admin123\")\n        self.lp.Click_Login()\n    \n    \n        if self.lp.Login_Status() == True:\n            self.driver.save_screenshot(\"D:\\\\OrangeHRM\\\\Screenshots\\\\testCases\\\\test_Login_002_pass.PNG\")\n            self.lp.Click_Menu()\n            self.lp.Click_Logout()\n            self.driver.close()\n            assert True\n    \n        else:\n            self.driver.save_screenshot(\"D:\\\\OrangeHRM\\\\Screenshots\\\\testCases\\\\test_Login_002_fail.PNG\")\n            self.driver.close()\n>           assert False\nE           assert False\n\ntestCases\\test_Login.py:33: AssertionError"}, "attachments": [{"name": "log", "source": "3359d35e-fd6c-4947-83ad-c945777509f4-attachment.txt", "type": "text/plain"}], "start": 1691565818827, "stop": 1691565824724, "uuid": "c6acd95a-2700-483b-b327-38b100ec7c4e", "historyId": "99f8958a92a829658f144d68effc6c93", "testCaseId": "99f8958a92a829658f144d68effc6c93", "fullName": "testCases.test_Login.Test_Login#test_login_002", "labels": [{"name": "parentSuite", "value": "testCases"}, {"name": "suite", "value": "test_Login"}, {"name": "subSuite", "value": "Test_Login"}, {"name": "host", "value": "VARSHA"}, {"name": "thread", "value": "22604-MainThread"}, {"name": "framework", "value": "pytest"}, {"name": "language", "value": "cpython3"}, {"name": "package", "value": "testCases.test_Login"}]}