{"name": "test_login_002", "status": "failed", "statusDetails": {"message": "AssertionError: assert False", "trace": "self = <testCases.test_Login.Test_Login object at 0x00000234866C9950>\nsetup = <selenium.webdriver.chrome.webdriver.WebDriver (session=\"310fe013cb9d88cf7d7e33cd2cd5957f\")>\n\n    def test_login_002(self, setup):\n        self.driver = setup\n        self.lp = OrangeHRM_Login(self.driver)\n        self.lp.Enter_Username(\"Admin\")\n        self.lp.Enter_Password(\"admin123\")\n        self.lp.Click_Login()\n    \n    \n        if self.lp.Login_Status() == True:\n            self.driver.save_screenshot(\"D:\\\\OrangeHRM\\\\Screenshots\\\\testCases\\\\test_Login_002_pass.PNG\")\n            self.lp.Click_Menu()\n            self.lp.Click_Logout()\n            self.driver.close()\n            assert True\n    \n        else:\n            self.driver.save_screenshot(\"D:\\\\OrangeHRM\\\\Screenshots\\\\testCases\\\\test_Login_002_fail.PNG\")\n            self.driver.close()\n>           assert False\nE           assert False\n\ntestCases\\test_Login.py:33: AssertionError"}, "attachments": [{"name": "log", "source": "668a2707-d620-4159-b069-19086fab8a89-attachment.txt", "type": "text/plain"}], "start": 1691565668157, "stop": 1691565672804, "uuid": "bfcddf73-5151-438e-8b60-e627ff6b2eb8", "historyId": "99f8958a92a829658f144d68effc6c93", "testCaseId": "99f8958a92a829658f144d68effc6c93", "fullName": "testCases.test_Login.Test_Login#test_login_002", "labels": [{"name": "parentSuite", "value": "testCases"}, {"name": "suite", "value": "test_Login"}, {"name": "subSuite", "value": "Test_Login"}, {"name": "host", "value": "VARSHA"}, {"name": "thread", "value": "10928-MainThread"}, {"name": "framework", "value": "pytest"}, {"name": "language", "value": "cpython3"}, {"name": "package", "value": "testCases.test_Login"}]}