{"name": "test_login_002", "status": "failed", "statusDetails": {"message": "AssertionError: assert False", "trace": "self = <testCases.test_Login.Test_Login object at 0x00000144D1A3C3D0>\nsetup = <selenium.webdriver.chrome.webdriver.WebDriver (session=\"d1c7b33f81e16577362c7a05486c174b\")>\n\n    def test_login_002(self, setup):\n        self.driver = setup\n        self.lp = OrangeHRM_Login(self.driver)\n        self.lp.Enter_Username(\"Admin\")\n        self.lp.Enter_Password(\"admin123\")\n        self.lp.Click_Login()\n    \n    \n        if self.lp.Login_Status() == True:\n            self.driver.save_screenshot(\"D:\\\\OrangeHRM\\\\Screenshots\\\\testCases\\\\test_Login_002_pass.PNG\")\n            self.lp.Click_Menu()\n            self.lp.Click_Logout()\n            self.driver.close()\n            assert True\n    \n        else:\n            self.driver.save_screenshot(\"D:\\\\OrangeHRM\\\\Screenshots\\\\testCases\\\\test_Login_002_fail.PNG\")\n            self.driver.close()\n>           assert False\nE           assert False\n\ntestCases\\test_Login.py:33: AssertionError"}, "attachments": [{"name": "log", "source": "3ca5a49e-933f-4f3d-af81-5990f6728d1c-attachment.txt", "type": "text/plain"}], "start": 1691565960455, "stop": 1691565967253, "uuid": "58c1a2a8-a4d9-4c82-a7ba-3eeafa9a07b5", "historyId": "99f8958a92a829658f144d68effc6c93", "testCaseId": "99f8958a92a829658f144d68effc6c93", "fullName": "testCases.test_Login.Test_Login#test_login_002", "labels": [{"name": "parentSuite", "value": "testCases"}, {"name": "suite", "value": "test_Login"}, {"name": "subSuite", "value": "Test_Login"}, {"name": "host", "value": "VARSHA"}, {"name": "thread", "value": "16348-MainThread"}, {"name": "framework", "value": "pytest"}, {"name": "language", "value": "cpython3"}, {"name": "package", "value": "testCases.test_Login"}]}